<?xml version="1.0" encoding="UTF-8"?>
<!-- Generated by org.testng.reporters.JUnitXMLReporter -->
<testsuite ignored="2" hostname="JCS" failures="0" tests="3" name="Test" time="0.054" errors="0" timestamp="2023-11-07T18:04:29 IST">
  <testcase classname="AdvanceTestNG.Grouping" name="testCaseFive" time="0.009"/>
  <testcase classname="AdvanceTestNG.Grouping" name="testCaseThree" time="0.002"/>
  <testcase classname="AdvanceTestNG.Grouping" name="testCaseTwo" time="0.002"/>
  <testcase classname="AdvanceTestNG.Grouping" name="testCaseOne" time="0.0">
    <ignored/>
  </testcase> <!-- testCaseOne -->
  <testcase classname="AdvanceTestNG.Grouping" name="testCaseFour" time="0.0">
    <ignored/>
  </testcase> <!-- testCaseFour -->
</testsuite> <!-- Test -->
