<?xml version="1.0" encoding="UTF-8"?>
<testng-results ignored="0" total="7" passed="7" failed="0" skipped="0">
  <reporter-output>
  </reporter-output>
  <suite started-at="2023-11-14T08:56:56 IST" name="Default suite" finished-at="2023-11-14T08:56:58 IST" duration-ms="2131">
    <groups>
    </groups>
    <test started-at="2023-11-14T08:56:56 IST" name="Default test" finished-at="2023-11-14T08:56:58 IST" duration-ms="2131">
      <class name="TestNG.SwagLabShopping">
        <test-method signature="Login()[pri:1, instance:TestNG.SwagLabShopping@1dc2de84]" started-at="2023-11-14T08:56:56 IST" name="Login" finished-at="2023-11-14T08:56:56 IST" duration-ms="408" status="PASS">
          <reporter-output>
          </reporter-output>
        </test-method> <!-- Login -->
        <test-method signature="SelectProduct()[pri:2, instance:TestNG.SwagLabShopping@1dc2de84]" started-at="2023-11-14T08:56:56 IST" name="SelectProduct" finished-at="2023-11-14T08:56:56 IST" duration-ms="86" status="PASS">
          <reporter-output>
          </reporter-output>
        </test-method> <!-- SelectProduct -->
        <test-method signature="AddProduct()[pri:3, instance:TestNG.SwagLabShopping@1dc2de84]" started-at="2023-11-14T08:56:56 IST" name="AddProduct" finished-at="2023-11-14T08:56:57 IST" duration-ms="186" status="PASS">
          <reporter-output>
          </reporter-output>
        </test-method> <!-- AddProduct -->
        <test-method signature="CheckOutPage()[pri:4, instance:TestNG.SwagLabShopping@1dc2de84]" started-at="2023-11-14T08:56:57 IST" name="CheckOutPage" finished-at="2023-11-14T08:56:57 IST" duration-ms="82" status="PASS">
          <reporter-output>
          </reporter-output>
        </test-method> <!-- CheckOutPage -->
        <test-method signature="CheckOutOverviewPage()[pri:5, instance:TestNG.SwagLabShopping@1dc2de84]" started-at="2023-11-14T08:56:57 IST" name="CheckOutOverviewPage" finished-at="2023-11-14T08:56:57 IST" duration-ms="475" status="PASS">
          <reporter-output>
          </reporter-output>
        </test-method> <!-- CheckOutOverviewPage -->
        <test-method signature="BackToProducts()[pri:6, instance:TestNG.SwagLabShopping@1dc2de84]" started-at="2023-11-14T08:56:57 IST" name="BackToProducts" finished-at="2023-11-14T08:56:57 IST" duration-ms="76" status="PASS">
          <reporter-output>
          </reporter-output>
        </test-method> <!-- BackToProducts -->
        <test-method signature="Logout()[pri:7, instance:TestNG.SwagLabShopping@1dc2de84]" started-at="2023-11-14T08:56:57 IST" name="Logout" finished-at="2023-11-14T08:56:58 IST" duration-ms="748" status="PASS">
          <reporter-output>
          </reporter-output>
        </test-method> <!-- Logout -->
      </class> <!-- TestNG.SwagLabShopping -->
    </test> <!-- Default test -->
  </suite> <!-- Default suite -->
</testng-results>
